
> prediction-market-starter-kit@0.1.0 bot:realtime /Users/yuping/Downloads/git/prediction-market-starter-kit
> tsx bot/realtime-daemon.ts

[2026-03-30 08:56:08] Realtime Bot Daemon starting
  Scan interval:  1 second
  Auto-tune:      every 1 hour
  Press Ctrl+C to stop

  New wallet: 0xC114Aa4216D4e17EaBF5aD3Cd6866CD58d42AC5b
[2026-03-30 08:56:19] Cycle #1: trades=15 exits=0 equity=$10098.06 arb=$0.2627 DD=-0.98%
[2026-03-30 08:56:29] Cycle #2: trades=30 exits=0 equity=$10196.64 arb=$0.5268 DD=-0.99%
[2026-03-30 08:56:40] Cycle #3: trades=45 exits=0 equity=$10295.70 arb=$0.7922 DD=-1.00%
[2026-03-30 08:56:51] Cycle #4: trades=60 exits=0 equity=$10395.27 arb=$1.0590 DD=-1.01%
[2026-03-30 08:57:01] Cycle #5: trades=75 exits=0 equity=$10495.36 arb=$1.3271 DD=-1.02%
[2026-03-30 08:57:12] Cycle #6: trades=90 exits=0 equity=$10595.94 arb=$1.5966 DD=-1.03%
[2026-03-30 08:57:22] Cycle #7: trades=105 exits=0 equity=$10697.06 arb=$1.8675 DD=-1.04%
[2026-03-30 08:57:33] Cycle #8: trades=120 exits=0 equity=$10798.68 arb=$2.1398 DD=-1.05%
[2026-03-30 08:57:44] Cycle #9: trades=135 exits=0 equity=$10900.80 arb=$2.4134 DD=-1.06%
[2026-03-30 08:57:54] Cycle #10: trades=150 exits=0 equity=$11003.45 arb=$2.6884 DD=-1.06%
[2026-03-30 08:58:05] Cycle #11: trades=150 exits=0 equity=$11003.45 arb=$2.6884 DD=-1.06%
[2026-03-30 08:58:15] Cycle #12: trades=150 exits=0 equity=$11003.45 arb=$2.6884 DD=-1.06%
[2026-03-30 08:58:26] Cycle #13: trades=150 exits=0 equity=$11003.45 arb=$2.6884 DD=-1.06%
[2026-03-30 08:58:37] Cycle #14: trades=150 exits=0 equity=$11003.45 arb=$2.6884 DD=-1.06%
[2026-03-30 08:58:47] Cycle #15: trades=150 exits=0 equity=$11003.45 arb=$2.6884 DD=-1.06%
[2026-03-30 08:58:58] Cycle #16: trades=150 exits=0 equity=$11003.45 arb=$2.6884 DD=-1.06%
[2026-03-30 08:59:09] Cycle #17: trades=150 exits=0 equity=$11003.45 arb=$2.6884 DD=-1.06%
[2026-03-30 08:59:19] Cycle #18: trades=150 exits=0 equity=$11003.45 arb=$2.6884 DD=-1.06%
[2026-03-30 08:59:30] Cycle #19: trades=150 exits=0 equity=$11003.45 arb=$2.6884 DD=-1.06%
[2026-03-30 08:59:40] Cycle #20: trades=150 exits=0 equity=$11003.45 arb=$2.6884 DD=-1.06%
[2026-03-30 08:59:51] Cycle #21: trades=150 exits=0 equity=$11003.45 arb=$2.6884 DD=-1.06%
[2026-03-30 09:00:02] Cycle #22: trades=150 exits=0 equity=$11003.45 arb=$2.6884 DD=-1.06%
[2026-03-30 09:00:12] Cycle #23: trades=150 exits=0 equity=$11003.45 arb=$2.6884 DD=-1.06%
[2026-03-30 09:00:23] Cycle #24: trades=150 exits=0 equity=$11003.45 arb=$2.6884 DD=-1.06%
[2026-03-30 09:00:33] Cycle #25: trades=150 exits=0 equity=$11003.45 arb=$2.6884 DD=-1.06%
[2026-03-30 09:00:44] Cycle #26: trades=150 exits=0 equity=$11003.45 arb=$2.6884 DD=-1.06%
[2026-03-30 09:00:55] Cycle #27: trades=150 exits=0 equity=$11003.45 arb=$2.6884 DD=-1.06%
[2026-03-30 09:01:05] Cycle #28: trades=150 exits=0 equity=$11003.45 arb=$2.6884 DD=-1.06%
[2026-03-30 09:01:16] Cycle #29: trades=150 exits=0 equity=$11003.45 arb=$2.6884 DD=-1.06%
[2026-03-30 09:01:26] Cycle #30: trades=150 exits=0 equity=$11003.45 arb=$2.6884 DD=-1.06%
[2026-03-30 09:01:37] Cycle #31: trades=150 exits=0 equity=$11003.45 arb=$2.6884 DD=-1.06%
[2026-03-30 09:01:48] Cycle #32: trades=150 exits=0 equity=$11003.45 arb=$2.6884 DD=-1.06%
[2026-03-30 09:01:58] Cycle #33: trades=150 exits=0 equity=$11003.45 arb=$2.6884 DD=-1.06%
[2026-03-30 09:02:09] Cycle #34: trades=150 exits=0 equity=$11003.45 arb=$2.6884 DD=-1.06%
[2026-03-30 09:02:19] Cycle #35: trades=150 exits=0 equity=$11003.45 arb=$2.6884 DD=-1.06%
[2026-03-30 09:02:30] Cycle #36: trades=150 exits=0 equity=$11003.45 arb=$2.6884 DD=-1.06%
[2026-03-30 09:02:41] Cycle #37: trades=150 exits=0 equity=$11003.45 arb=$2.6884 DD=-1.06%
[2026-03-30 09:02:51] Cycle #38: trades=150 exits=0 equity=$11003.45 arb=$2.6884 DD=-1.06%
[2026-03-30 09:03:02] Cycle #39: trades=150 exits=0 equity=$11003.45 arb=$2.6884 DD=-1.06%
[2026-03-30 09:03:13] Cycle #40: trades=150 exits=0 equity=$11003.45 arb=$2.6884 DD=-1.06%
[2026-03-30 09:03:23] Cycle #41: trades=150 exits=0 equity=$11003.45 arb=$2.6884 DD=-1.06%
[2026-03-30 09:03:34] Cycle #42: trades=150 exits=0 equity=$11003.45 arb=$2.6884 DD=-1.06%
[2026-03-30 09:03:44] Cycle #43: trades=150 exits=0 equity=$11003.45 arb=$2.6884 DD=-1.06%
[2026-03-30 09:03:55] Cycle #44: trades=150 exits=0 equity=$11003.45 arb=$2.6884 DD=-1.06%
[2026-03-30 09:04:06] Cycle #45: trades=150 exits=0 equity=$11003.45 arb=$2.6884 DD=-1.06%
[2026-03-30 09:04:16] Cycle #46: trades=150 exits=0 equity=$11003.45 arb=$2.6884 DD=-1.06%
[2026-03-30 09:04:27] Cycle #47: trades=150 exits=0 equity=$11003.45 arb=$2.6884 DD=-1.06%
[2026-03-30 09:04:37] Cycle #48: trades=150 exits=0 equity=$11003.45 arb=$2.6884 DD=-1.06%
[2026-03-30 09:04:48] Cycle #49: trades=150 exits=0 equity=$11003.45 arb=$2.6884 DD=-1.06%
[2026-03-30 09:04:59] Cycle #50: trades=150 exits=0 equity=$11003.45 arb=$2.6884 DD=-1.06%
[2026-03-30 09:05:09] Cycle #51: trades=150 exits=0 equity=$11003.45 arb=$2.6884 DD=-1.06%
[2026-03-30 09:05:20] Cycle #52: trades=150 exits=0 equity=$11003.45 arb=$2.6884 DD=-1.06%
[2026-03-30 09:05:30] Cycle #53: trades=150 exits=0 equity=$11003.45 arb=$2.6884 DD=-1.06%
[2026-03-30 09:05:41] Cycle #54: trades=150 exits=0 equity=$11003.45 arb=$2.6884 DD=-1.06%
[2026-03-30 09:05:52] Cycle #55: trades=150 exits=0 equity=$11003.45 arb=$2.6884 DD=-1.06%
[2026-03-30 09:06:02] Cycle #56: trades=150 exits=0 equity=$11003.45 arb=$2.6884 DD=-1.06%
[2026-03-30 09:06:13] Cycle #57: trades=150 exits=0 equity=$11003.45 arb=$2.6884 DD=-1.06%
[2026-03-30 09:06:23] Cycle #58: trades=150 exits=0 equity=$11003.45 arb=$2.6884 DD=-1.06%
[2026-03-30 09:06:34] Cycle #59: trades=150 exits=0 equity=$11003.45 arb=$2.6884 DD=-1.06%
[2026-03-30 09:06:45] Cycle #60: trades=150 exits=0 equity=$11003.45 arb=$2.6884 DD=-1.06%
[2026-03-30 09:06:55] Cycle #61: trades=150 exits=0 equity=$11003.45 arb=$2.6884 DD=-1.06%
[2026-03-30 09:07:06] Cycle #62: trades=150 exits=0 equity=$11003.45 arb=$2.6884 DD=-1.06%
[2026-03-30 09:07:16] Cycle #63: trades=150 exits=0 equity=$11003.45 arb=$2.6884 DD=-1.06%
[2026-03-30 09:07:27] Cycle #64: trades=150 exits=0 equity=$11003.45 arb=$2.6884 DD=-1.06%
[2026-03-30 09:07:38] Cycle #65: trades=150 exits=0 equity=$11003.45 arb=$2.6884 DD=-1.06%
[2026-03-30 09:07:48] Cycle #66: trades=150 exits=0 equity=$11003.45 arb=$2.6884 DD=-1.06%
[2026-03-30 09:07:59] Cycle #67: trades=150 exits=0 equity=$11003.45 arb=$2.6884 DD=-1.06%
[2026-03-30 09:08:09] Cycle #68: trades=150 exits=0 equity=$11003.45 arb=$2.6884 DD=-1.06%
[2026-03-30 09:08:20] Cycle #69: trades=150 exits=0 equity=$11003.45 arb=$2.6884 DD=-1.06%
[2026-03-30 09:08:31] Cycle #70: trades=150 exits=0 equity=$11003.45 arb=$2.6884 DD=-1.06%
[2026-03-30 09:08:41] Cycle #71: trades=150 exits=0 equity=$11003.45 arb=$2.6884 DD=-1.06%
[2026-03-30 09:08:52] Cycle #72: trades=150 exits=0 equity=$11003.45 arb=$2.6884 DD=-1.06%
[2026-03-30 09:09:02] Cycle #73: trades=150 exits=0 equity=$11003.45 arb=$2.6884 DD=-1.06%
[2026-03-30 09:09:13] Cycle #74: trades=150 exits=0 equity=$11003.45 arb=$2.6884 DD=-1.06%
[2026-03-30 09:09:24] Cycle #75: trades=150 exits=0 equity=$11003.45 arb=$2.6884 DD=-1.06%
[2026-03-30 09:09:34] Cycle #76: trades=150 exits=0 equity=$11003.45 arb=$2.6884 DD=-1.06%
[2026-03-30 09:09:45] Cycle #77: trades=150 exits=0 equity=$11003.45 arb=$2.6884 DD=-1.06%
[2026-03-30 09:09:55] Cycle #78: trades=150 exits=0 equity=$11003.45 arb=$2.6884 DD=-1.06%
[2026-03-30 09:10:06] Cycle #79: trades=150 exits=0 equity=$11003.45 arb=$2.6884 DD=-1.06%
[2026-03-30 09:10:17] Cycle #80: trades=150 exits=0 equity=$11003.45 arb=$2.6884 DD=-1.06%
[2026-03-30 09:10:27] Cycle #81: trades=150 exits=0 equity=$11003.45 arb=$2.6884 DD=-1.06%
[2026-03-30 09:10:38] Cycle #82: trades=150 exits=0 equity=$11003.45 arb=$2.6884 DD=-1.06%
[2026-03-30 09:10:49] Cycle #83: trades=150 exits=0 equity=$11003.45 arb=$2.6884 DD=-1.06%
[2026-03-30 09:10:59] Cycle #84: trades=150 exits=0 equity=$11003.45 arb=$2.6884 DD=-1.06%
[2026-03-30 09:11:10] Cycle #85: trades=150 exits=0 equity=$11003.45 arb=$2.6884 DD=-1.06%
[2026-03-30 09:11:20] Cycle #86: trades=150 exits=0 equity=$11003.45 arb=$2.6884 DD=-1.06%
[2026-03-30 09:11:31] Cycle #87: trades=150 exits=0 equity=$11003.45 arb=$2.6884 DD=-1.06%
[2026-03-30 09:11:42] Cycle #88: trades=150 exits=0 equity=$11003.45 arb=$2.6884 DD=-1.06%
[2026-03-30 09:11:52] Cycle #89: trades=150 exits=0 equity=$11003.45 arb=$2.6884 DD=-1.06%
[2026-03-30 09:12:03] Cycle #90: trades=150 exits=0 equity=$11003.45 arb=$2.6884 DD=-1.06%
[2026-03-30 09:12:13] Cycle #91: trades=150 exits=0 equity=$11003.45 arb=$2.6884 DD=-1.06%
[2026-03-30 09:12:24] Cycle #92: trades=150 exits=0 equity=$11003.45 arb=$2.6884 DD=-1.06%
[2026-03-30 09:12:35] Cycle #93: trades=150 exits=0 equity=$11003.45 arb=$2.6884 DD=-1.06%
[2026-03-30 09:12:45] Cycle #94: trades=150 exits=0 equity=$11003.45 arb=$2.6884 DD=-1.06%
[2026-03-30 09:12:56] Cycle #95: trades=150 exits=0 equity=$11003.45 arb=$2.6884 DD=-1.06%
[2026-03-30 09:13:07] Cycle #96: trades=150 exits=0 equity=$11003.45 arb=$2.6884 DD=-1.06%
[2026-03-30 09:13:17] Cycle #97: trades=150 exits=0 equity=$11003.45 arb=$2.6884 DD=-1.06%
[2026-03-30 09:13:28] Cycle #98: trades=150 exits=0 equity=$11003.45 arb=$2.6884 DD=-1.06%
[2026-03-30 09:13:38] Cycle #99: trades=150 exits=0 equity=$11003.45 arb=$2.6884 DD=-1.06%
[2026-03-30 09:13:49] Cycle #100: trades=150 exits=0 equity=$11003.45 arb=$2.6884 DD=-1.06%
[2026-03-30 09:14:00] Cycle #101: trades=150 exits=0 equity=$11003.45 arb=$2.6884 DD=-1.06%
[2026-03-30 09:14:10] Cycle #102: trades=150 exits=0 equity=$11003.45 arb=$2.6884 DD=-1.06%
[2026-03-30 09:14:21] Cycle #103: trades=150 exits=0 equity=$11003.45 arb=$2.6884 DD=-1.06%
[2026-03-30 09:14:31] Cycle #104: trades=150 exits=0 equity=$11003.45 arb=$2.6884 DD=-1.06%
[2026-03-30 09:14:42] Cycle #105: trades=150 exits=0 equity=$11003.45 arb=$2.6884 DD=-1.06%
[2026-03-30 09:14:53] Cycle #106: trades=150 exits=0 equity=$11003.45 arb=$2.6884 DD=-1.06%
[2026-03-30 09:15:03] Cycle #107: trades=150 exits=0 equity=$11003.45 arb=$2.6884 DD=-1.06%
[2026-03-30 09:15:14] Cycle #108: trades=150 exits=0 equity=$11003.45 arb=$2.6884 DD=-1.06%
[2026-03-30 09:15:25] Cycle #109: trades=150 exits=0 equity=$11003.45 arb=$2.6884 DD=-1.06%
[2026-03-30 09:15:35] Cycle #110: trades=150 exits=0 equity=$11003.45 arb=$2.6884 DD=-1.06%
[2026-03-30 09:15:46] Cycle #111: trades=150 exits=0 equity=$11003.45 arb=$2.6884 DD=-1.06%
[2026-03-30 09:15:56] Cycle #112: trades=150 exits=0 equity=$11003.45 arb=$2.6884 DD=-1.06%
[2026-03-30 09:16:07] Cycle #113: trades=150 exits=0 equity=$11003.45 arb=$2.6884 DD=-1.06%
[2026-03-30 09:16:18] Cycle #114: trades=150 exits=0 equity=$11003.45 arb=$2.6884 DD=-1.06%
[2026-03-30 09:16:28] Cycle #115: trades=150 exits=0 equity=$11003.45 arb=$2.6884 DD=-1.06%
[2026-03-30 09:16:39] Cycle #116: trades=150 exits=0 equity=$11003.45 arb=$2.6884 DD=-1.06%
[2026-03-30 09:16:49] Cycle #117: trades=150 exits=0 equity=$11003.45 arb=$2.6884 DD=-1.06%
[2026-03-30 09:17:00] Cycle #118: trades=150 exits=0 equity=$11003.45 arb=$2.6884 DD=-1.06%
[2026-03-30 09:17:11] Cycle #119: trades=150 exits=0 equity=$11003.45 arb=$2.6884 DD=-1.06%
[2026-03-30 09:17:21] Cycle #120: trades=150 exits=0 equity=$11003.45 arb=$2.6884 DD=-1.06%
[2026-03-30 09:17:32] Cycle #121: trades=150 exits=0 equity=$11003.45 arb=$2.6884 DD=-1.06%
[2026-03-30 09:17:42] Cycle #122: trades=150 exits=0 equity=$11003.45 arb=$2.6884 DD=-1.06%
[2026-03-30 09:17:53] Cycle #123: trades=150 exits=0 equity=$11003.45 arb=$2.6884 DD=-1.06%
[2026-03-30 09:18:04] Cycle #124: trades=150 exits=0 equity=$11003.45 arb=$2.6884 DD=-1.06%
[2026-03-30 09:18:14] Cycle #125: trades=150 exits=0 equity=$11003.45 arb=$2.6884 DD=-1.06%
[2026-03-30 09:18:25] Cycle #126: trades=150 exits=0 equity=$11003.45 arb=$2.6884 DD=-1.06%
[2026-03-30 09:18:36] Cycle #127: trades=150 exits=0 equity=$11003.45 arb=$2.6884 DD=-1.06%
[2026-03-30 09:18:46] Cycle #128: trades=150 exits=0 equity=$11003.45 arb=$2.6884 DD=-1.06%
[2026-03-30 09:18:57] Cycle #129: trades=150 exits=0 equity=$11003.45 arb=$2.6884 DD=-1.06%
[2026-03-30 09:19:07] Cycle #130: trades=150 exits=0 equity=$11003.45 arb=$2.6884 DD=-1.06%
[2026-03-30 09:19:18] Cycle #131: trades=150 exits=0 equity=$11003.45 arb=$2.6884 DD=-1.06%
[2026-03-30 09:19:29] Cycle #132: trades=150 exits=0 equity=$11003.45 arb=$2.6884 DD=-1.06%
[2026-03-30 09:19:39] Cycle #133: trades=150 exits=0 equity=$11003.45 arb=$2.6884 DD=-1.06%
[2026-03-30 09:19:50] Cycle #134: trades=150 exits=0 equity=$11003.45 arb=$2.6884 DD=-1.06%
[2026-03-30 09:20:00] Cycle #135: trades=150 exits=0 equity=$11003.45 arb=$2.6884 DD=-1.06%
[2026-03-30 09:20:11] Cycle #136: trades=150 exits=0 equity=$11003.45 arb=$2.6884 DD=-1.06%
[2026-03-30 09:20:22] Cycle #137: trades=150 exits=0 equity=$11003.45 arb=$2.6884 DD=-1.06%
[2026-03-30 09:20:32] Cycle #138: trades=150 exits=0 equity=$11003.45 arb=$2.6884 DD=-1.06%
[2026-03-30 09:20:43] Cycle #139: trades=150 exits=0 equity=$11003.45 arb=$2.6884 DD=-1.06%
[2026-03-30 09:20:53] Cycle #140: trades=150 exits=0 equity=$11003.45 arb=$2.6884 DD=-1.06%
[2026-03-30 09:21:04] Cycle #141: trades=150 exits=0 equity=$11003.45 arb=$2.6884 DD=-1.06%
[2026-03-30 09:21:15] Cycle #142: trades=150 exits=0 equity=$11003.45 arb=$2.6884 DD=-1.06%
[2026-03-30 09:21:25] Cycle #143: trades=150 exits=0 equity=$11003.45 arb=$2.6884 DD=-1.06%
[2026-03-30 09:21:36] Cycle #144: trades=150 exits=0 equity=$11003.45 arb=$2.6884 DD=-1.06%
[2026-03-30 09:21:46] Cycle #145: trades=150 exits=0 equity=$11003.45 arb=$2.6884 DD=-1.06%
[2026-03-30 09:21:57] Cycle #146: trades=150 exits=0 equity=$11003.45 arb=$2.6884 DD=-1.06%
[2026-03-30 09:22:08] Cycle #147: trades=150 exits=0 equity=$11003.45 arb=$2.6884 DD=-1.06%
[2026-03-30 09:22:18] Cycle #148: trades=150 exits=0 equity=$11003.45 arb=$2.6884 DD=-1.06%
[2026-03-30 09:22:29] Cycle #149: trades=150 exits=0 equity=$11003.45 arb=$2.6884 DD=-1.06%
[2026-03-30 09:22:39] Cycle #150: trades=150 exits=0 equity=$11003.45 arb=$2.6884 DD=-1.06%
[2026-03-30 09:22:50] Cycle #151: trades=150 exits=0 equity=$11003.45 arb=$2.6884 DD=-1.06%
[2026-03-30 09:23:01] Cycle #152: trades=150 exits=0 equity=$11003.45 arb=$2.6884 DD=-1.06%
[2026-03-30 09:23:12] Cycle #153: trades=150 exits=0 equity=$11003.45 arb=$2.6884 DD=-1.06%
[2026-03-30 09:23:23] Cycle #154: trades=150 exits=0 equity=$11003.45 arb=$2.6884 DD=-1.06%
[2026-03-30 09:23:34] Cycle #155: trades=150 exits=0 equity=$11003.45 arb=$2.6884 DD=-1.06%
[2026-03-30 09:23:44] Cycle #156: trades=150 exits=0 equity=$11003.45 arb=$2.6884 DD=-1.06%
[2026-03-30 09:23:55] Cycle #157: trades=150 exits=0 equity=$11003.45 arb=$2.6884 DD=-1.06%
[2026-03-30 09:24:05] Cycle #158: trades=150 exits=0 equity=$11003.45 arb=$2.6884 DD=-1.06%
[2026-03-30 09:24:16] Cycle #159: trades=150 exits=0 equity=$11003.45 arb=$2.6884 DD=-1.06%
[2026-03-30 09:24:27] Cycle #160: trades=150 exits=0 equity=$11003.45 arb=$2.6884 DD=-1.06%
[2026-03-30 09:24:37] Cycle #161: trades=150 exits=0 equity=$11003.45 arb=$2.6884 DD=-1.06%
[2026-03-30 09:24:48] Cycle #162: trades=150 exits=0 equity=$11003.45 arb=$2.6884 DD=-1.06%
[2026-03-30 09:24:59] Cycle #163: trades=150 exits=0 equity=$11003.45 arb=$2.6884 DD=-1.06%
[2026-03-30 09:25:09] Cycle #164: trades=150 exits=0 equity=$11003.45 arb=$2.6884 DD=-1.06%
[2026-03-30 09:25:20] Cycle #165: trades=150 exits=0 equity=$11003.45 arb=$2.6884 DD=-1.06%
[2026-03-30 09:25:30] Cycle #166: trades=150 exits=0 equity=$11003.45 arb=$2.6884 DD=-1.06%
[2026-03-30 09:25:41] Cycle #167: trades=150 exits=0 equity=$11003.45 arb=$2.6884 DD=-1.06%
[2026-03-30 09:25:52] Cycle #168: trades=150 exits=0 equity=$11003.45 arb=$2.6884 DD=-1.06%
[2026-03-30 09:26:02] Cycle #169: trades=150 exits=0 equity=$11003.45 arb=$2.6884 DD=-1.06%
[2026-03-30 09:26:13] Cycle #170: trades=150 exits=0 equity=$11003.45 arb=$2.6884 DD=-1.06%
[2026-03-30 09:26:23] Cycle #171: trades=150 exits=0 equity=$11003.45 arb=$2.6884 DD=-1.06%
[2026-03-30 09:26:34] Cycle #172: trades=150 exits=0 equity=$11003.45 arb=$2.6884 DD=-1.06%
[2026-03-30 09:26:45] Cycle #173: trades=150 exits=0 equity=$11003.45 arb=$2.6884 DD=-1.06%
[2026-03-30 09:26:55] Cycle #174: trades=150 exits=0 equity=$11003.45 arb=$2.6884 DD=-1.06%
[2026-03-30 09:27:06] Cycle #175: trades=150 exits=0 equity=$11003.45 arb=$2.6884 DD=-1.06%
[2026-03-30 09:27:17] Cycle #176: trades=150 exits=0 equity=$11003.45 arb=$2.6884 DD=-1.06%
[2026-03-30 09:27:27] Cycle #177: trades=150 exits=0 equity=$11003.45 arb=$2.6884 DD=-1.06%
[2026-03-30 09:27:38] Cycle #178: trades=150 exits=0 equity=$11003.45 arb=$2.6884 DD=-1.06%
[2026-03-30 09:27:48] Cycle #179: trades=150 exits=0 equity=$11003.45 arb=$2.6884 DD=-1.06%
[2026-03-30 09:27:59] Cycle #180: trades=150 exits=0 equity=$11003.45 arb=$2.6884 DD=-1.06%
[2026-03-30 09:28:10] Cycle #181: trades=150 exits=0 equity=$11003.45 arb=$2.6884 DD=-1.06%
[2026-03-30 09:28:20] Cycle #182: trades=150 exits=0 equity=$11003.45 arb=$2.6884 DD=-1.06%
[2026-03-30 09:28:31] Cycle #183: trades=150 exits=0 equity=$11003.45 arb=$2.6884 DD=-1.06%
[2026-03-30 09:28:41] Cycle #184: trades=150 exits=0 equity=$11003.45 arb=$2.6884 DD=-1.06%
[2026-03-30 09:28:52] Cycle #185: trades=150 exits=0 equity=$11003.45 arb=$2.6884 DD=-1.06%
[2026-03-30 09:29:03] Cycle #186: trades=150 exits=0 equity=$11003.45 arb=$2.6884 DD=-1.06%
[2026-03-30 09:29:13] Cycle #187: trades=150 exits=0 equity=$11003.45 arb=$2.6884 DD=-1.06%
[2026-03-30 09:29:24] Cycle #188: trades=150 exits=0 equity=$11003.45 arb=$2.6884 DD=-1.06%
[2026-03-30 09:29:35] Cycle #189: trades=150 exits=0 equity=$11003.45 arb=$2.6884 DD=-1.06%
[2026-03-30 09:29:45] Cycle #190: trades=150 exits=0 equity=$11003.45 arb=$2.6884 DD=-1.06%
[2026-03-30 09:29:56] Cycle #191: trades=150 exits=0 equity=$11003.45 arb=$2.6884 DD=-1.06%
[2026-03-30 09:30:06] Cycle #192: trades=150 exits=0 equity=$11003.45 arb=$2.6884 DD=-1.06%
[2026-03-30 09:30:17] Cycle #193: trades=150 exits=0 equity=$11003.45 arb=$2.6884 DD=-1.06%
[2026-03-30 09:30:28] Cycle #194: trades=150 exits=0 equity=$11003.45 arb=$2.6884 DD=-1.06%
[2026-03-30 09:30:38] Cycle #195: trades=150 exits=0 equity=$11003.45 arb=$2.6884 DD=-1.06%
[2026-03-30 09:30:49] Cycle #196: trades=150 exits=0 equity=$11003.45 arb=$2.6884 DD=-1.06%
[2026-03-30 09:30:59] Cycle #197: trades=150 exits=0 equity=$11003.45 arb=$2.6884 DD=-1.06%
[2026-03-30 09:31:10] Cycle #198: trades=150 exits=0 equity=$11003.45 arb=$2.6884 DD=-1.06%
[2026-03-30 09:31:21] Cycle #199: trades=150 exits=0 equity=$11003.45 arb=$2.6884 DD=-1.06%
[2026-03-30 09:31:31] Cycle #200: trades=150 exits=0 equity=$11003.45 arb=$2.6884 DD=-1.06%
[2026-03-30 09:31:42] Cycle #201: trades=150 exits=0 equity=$11003.45 arb=$2.6884 DD=-1.06%
[2026-03-30 09:31:52] Cycle #202: trades=150 exits=0 equity=$11003.45 arb=$2.6884 DD=-1.06%
[2026-03-30 09:32:03] Cycle #203: trades=150 exits=0 equity=$11003.45 arb=$2.6884 DD=-1.06%
[2026-03-30 09:32:14] Cycle #204: trades=150 exits=0 equity=$11003.45 arb=$2.6884 DD=-1.06%
[2026-03-30 09:32:24] Cycle #205: trades=150 exits=0 equity=$11003.45 arb=$2.6884 DD=-1.06%
[2026-03-30 09:32:35] Cycle #206: trades=150 exits=0 equity=$11003.45 arb=$2.6884 DD=-1.06%
[2026-03-30 09:32:46] Cycle #207: trades=150 exits=0 equity=$11003.45 arb=$2.6884 DD=-1.06%
[2026-03-30 09:32:56] Cycle #208: trades=150 exits=0 equity=$11003.45 arb=$2.6884 DD=-1.06%
[2026-03-30 09:33:07] Cycle #209: trades=150 exits=0 equity=$11003.45 arb=$2.6884 DD=-1.06%
[2026-03-30 09:33:17] Cycle #210: trades=150 exits=0 equity=$11003.45 arb=$2.6884 DD=-1.06%
[2026-03-30 09:33:28] Cycle #211: trades=150 exits=0 equity=$11003.45 arb=$2.6884 DD=-1.06%
[2026-03-30 09:33:39] Cycle #212: trades=150 exits=0 equity=$11003.45 arb=$2.6884 DD=-1.06%
[2026-03-30 09:33:49] Cycle #213: trades=150 exits=0 equity=$11003.45 arb=$2.6884 DD=-1.06%
[2026-03-30 09:34:00] Cycle #214: trades=150 exits=0 equity=$11003.45 arb=$2.6884 DD=-1.06%
[2026-03-30 09:34:10] Cycle #215: trades=150 exits=0 equity=$11003.45 arb=$2.6884 DD=-1.06%
[2026-03-30 09:34:21] Cycle #216: trades=150 exits=0 equity=$11003.45 arb=$2.6884 DD=-1.06%
[2026-03-30 09:34:32] Cycle #217: trades=150 exits=0 equity=$11003.45 arb=$2.6884 DD=-1.06%
[2026-03-30 09:34:42] Cycle #218: trades=150 exits=0 equity=$11003.45 arb=$2.6884 DD=-1.06%
[2026-03-30 09:34:53] Cycle #219: trades=150 exits=0 equity=$11003.45 arb=$2.6884 DD=-1.06%
[2026-03-30 09:35:03] Cycle #220: trades=150 exits=0 equity=$11003.45 arb=$2.6884 DD=-1.06%
[2026-03-30 09:35:14] Cycle #221: trades=150 exits=0 equity=$11003.45 arb=$2.6884 DD=-1.06%
[2026-03-30 09:35:25] Cycle #222: trades=150 exits=0 equity=$11003.45 arb=$2.6884 DD=-1.06%
[2026-03-30 09:35:35] Cycle #223: trades=150 exits=0 equity=$11003.45 arb=$2.6884 DD=-1.06%
[2026-03-30 09:35:46] Cycle #224: trades=150 exits=0 equity=$11003.45 arb=$2.6884 DD=-1.06%
[2026-03-30 09:35:57] Cycle #225: trades=150 exits=0 equity=$11003.45 arb=$2.6884 DD=-1.06%
[2026-03-30 09:36:07] Cycle #226: trades=150 exits=0 equity=$11003.45 arb=$2.6884 DD=-1.06%
[2026-03-30 09:36:19] Cycle #227: trades=150 exits=0 equity=$11003.45 arb=$2.6884 DD=-1.06%
[2026-03-30 09:36:30] Cycle #228: trades=150 exits=0 equity=$11003.45 arb=$2.6884 DD=-1.06%
[2026-03-30 09:36:41] Cycle #229: trades=150 exits=0 equity=$11003.45 arb=$2.6884 DD=-1.06%
[2026-03-30 09:36:51] Cycle #230: trades=150 exits=0 equity=$11003.45 arb=$2.6884 DD=-1.06%
[2026-03-30 09:37:02] Cycle #231: trades=150 exits=0 equity=$11003.45 arb=$2.6884 DD=-1.06%
[2026-03-30 09:37:13] Cycle #232: trades=150 exits=0 equity=$11003.45 arb=$2.6884 DD=-1.06%
[2026-03-30 09:37:23] Cycle #233: trades=150 exits=0 equity=$11003.45 arb=$2.6884 DD=-1.06%
[2026-03-30 09:37:34] Cycle #234: trades=150 exits=0 equity=$11003.45 arb=$2.6884 DD=-1.06%
[2026-03-30 09:37:44] Cycle #235: trades=150 exits=0 equity=$11003.45 arb=$2.6884 DD=-1.06%
[2026-03-30 09:37:55] Cycle #236: trades=150 exits=0 equity=$11003.45 arb=$2.6884 DD=-1.06%
[2026-03-30 09:38:06] Cycle #237: trades=150 exits=0 equity=$11003.45 arb=$2.6884 DD=-1.06%
[2026-03-30 09:38:16] Cycle #238: trades=150 exits=0 equity=$11003.45 arb=$2.6884 DD=-1.06%
[2026-03-30 09:38:27] Cycle #239: trades=150 exits=0 equity=$11003.45 arb=$2.6884 DD=-1.06%
[2026-03-30 09:38:37] Cycle #240: trades=150 exits=0 equity=$11003.45 arb=$2.6884 DD=-1.06%
[2026-03-30 09:38:48] Cycle #241: trades=150 exits=0 equity=$11003.45 arb=$2.6884 DD=-1.06%
[2026-03-30 09:38:59] Cycle #242: trades=150 exits=0 equity=$11003.45 arb=$2.6884 DD=-1.06%
[2026-03-30 09:39:09] Cycle #243: trades=150 exits=0 equity=$11003.45 arb=$2.6884 DD=-1.06%
[2026-03-30 09:39:20] Cycle #244: trades=150 exits=0 equity=$11003.45 arb=$2.6884 DD=-1.06%
[2026-03-30 09:39:30] Cycle #245: trades=150 exits=0 equity=$11003.45 arb=$2.6884 DD=-1.06%
[2026-03-30 09:39:41] Cycle #246: trades=150 exits=0 equity=$11003.45 arb=$2.6884 DD=-1.06%
[2026-03-30 09:39:52] Cycle #247: trades=150 exits=0 equity=$11003.45 arb=$2.6884 DD=-1.06%
[2026-03-30 09:40:02] Cycle #248: trades=150 exits=0 equity=$11003.45 arb=$2.6884 DD=-1.06%
[2026-03-30 09:40:13] Cycle #249: trades=150 exits=0 equity=$11003.45 arb=$2.6884 DD=-1.06%
[2026-03-30 09:40:23] Cycle #250: trades=150 exits=0 equity=$11003.45 arb=$2.6884 DD=-1.06%
[2026-03-30 09:40:34] Cycle #251: trades=150 exits=0 equity=$11003.45 arb=$2.6884 DD=-1.06%
[2026-03-30 09:40:45] Cycle #252: trades=150 exits=0 equity=$11003.45 arb=$2.6884 DD=-1.06%
[2026-03-30 09:40:55] Cycle #253: trades=150 exits=0 equity=$11003.45 arb=$2.6884 DD=-1.06%
[2026-03-30 09:41:06] Cycle #254: trades=150 exits=0 equity=$11003.45 arb=$2.6884 DD=-1.06%
[2026-03-30 09:41:16] Cycle #255: trades=150 exits=0 equity=$11003.45 arb=$2.6884 DD=-1.06%
[2026-03-30 09:41:37] Cycle #265: trades=150 exits=0 equity=$11003.45 arb=$2.6884 DD=-1.06%
[2026-03-30 09:41:47] Cycle #266: trades=150 exits=0 equity=$11003.45 arb=$2.6884 DD=-1.06%
[2026-03-30 09:41:58] Cycle #267: trades=150 exits=0 equity=$11003.45 arb=$2.6884 DD=-1.06%
[2026-03-30 09:42:08] Cycle #268: trades=150 exits=0 equity=$11003.45 arb=$2.6884 DD=-1.06%
[2026-03-30 09:42:19] Cycle #269: trades=150 exits=0 equity=$11003.45 arb=$2.6884 DD=-1.06%
[2026-03-30 09:42:30] Cycle #270: trades=150 exits=0 equity=$11003.45 arb=$2.6884 DD=-1.06%
[2026-03-30 09:42:40] Cycle #271: trades=150 exits=0 equity=$11003.45 arb=$2.6884 DD=-1.06%
[2026-03-30 09:42:51] Cycle #272: trades=150 exits=0 equity=$11003.45 arb=$2.6884 DD=-1.06%
[2026-03-30 09:43:02] Cycle #273: trades=150 exits=0 equity=$11003.45 arb=$2.6884 DD=-1.06%
[2026-03-30 09:43:12] Cycle #274: trades=150 exits=0 equity=$11003.45 arb=$2.6884 DD=-1.06%
[2026-03-30 09:43:23] Cycle #275: trades=150 exits=0 equity=$11003.45 arb=$2.6884 DD=-1.06%
[2026-03-30 09:43:33] Cycle #276: trades=150 exits=0 equity=$11003.45 arb=$2.6884 DD=-1.06%
[2026-03-30 09:43:44] Cycle #277: trades=150 exits=0 equity=$11003.45 arb=$2.6884 DD=-1.06%
[2026-03-30 09:43:55] Cycle #278: trades=150 exits=0 equity=$11003.45 arb=$2.6884 DD=-1.06%
[2026-03-30 09:44:05] Cycle #279: trades=150 exits=0 equity=$11003.45 arb=$2.6884 DD=-1.06%
[2026-03-30 09:44:16] Cycle #280: trades=150 exits=0 equity=$11003.45 arb=$2.6884 DD=-1.06%
[2026-03-30 09:44:26] Cycle #281: trades=150 exits=0 equity=$11003.45 arb=$2.6884 DD=-1.06%
[2026-03-30 09:44:37] Cycle #282: trades=150 exits=0 equity=$11003.45 arb=$2.6884 DD=-1.06%
[2026-03-30 09:44:48] Cycle #283: trades=150 exits=0 equity=$11003.45 arb=$2.6884 DD=-1.06%
[2026-03-30 09:44:58] Cycle #284: trades=150 exits=0 equity=$11003.45 arb=$2.6884 DD=-1.06%
[2026-03-30 09:45:09] Cycle #285: trades=150 exits=0 equity=$11003.45 arb=$2.6884 DD=-1.06%
[2026-03-30 09:45:20] Cycle #286: trades=150 exits=0 equity=$11003.45 arb=$2.6884 DD=-1.06%
[2026-03-30 09:45:30] Cycle #287: trades=150 exits=0 equity=$11003.45 arb=$2.6884 DD=-1.06%
[2026-03-30 09:45:41] Cycle #288: trades=150 exits=0 equity=$11003.45 arb=$2.6884 DD=-1.06%
[2026-03-30 09:45:51] Cycle #289: trades=150 exits=0 equity=$11003.45 arb=$2.6884 DD=-1.06%
[2026-03-30 09:46:02] Cycle #290: trades=150 exits=0 equity=$11003.45 arb=$2.6884 DD=-1.06%
[2026-03-30 09:46:13] Cycle #291: trades=150 exits=0 equity=$11003.45 arb=$2.6884 DD=-1.06%
[2026-03-30 09:46:24] Cycle #292: trades=150 exits=0 equity=$11003.45 arb=$2.6884 DD=-1.06%
[2026-03-30 09:46:34] Cycle #293: trades=150 exits=0 equity=$11003.45 arb=$2.6884 DD=-1.06%
[2026-03-30 09:46:45] Cycle #294: trades=150 exits=0 equity=$11003.45 arb=$2.6884 DD=-1.06%
[2026-03-30 09:46:56] Cycle #295: trades=150 exits=0 equity=$11003.45 arb=$2.6884 DD=-1.06%
[2026-03-30 09:47:06] Cycle #296: trades=150 exits=0 equity=$11003.45 arb=$2.6884 DD=-1.06%
[2026-03-30 09:47:17] Cycle #297: trades=150 exits=0 equity=$11003.45 arb=$2.6884 DD=-1.06%
[2026-03-30 09:47:27] Cycle #298: trades=150 exits=0 equity=$11003.45 arb=$2.6884 DD=-1.06%
[2026-03-30 09:47:38] Cycle #299: trades=150 exits=0 equity=$11003.45 arb=$2.6884 DD=-1.06%
[2026-03-30 09:47:49] Cycle #300: trades=150 exits=0 equity=$11003.45 arb=$2.6884 DD=-1.06%
[2026-03-30 09:47:59] Cycle #301: trades=150 exits=0 equity=$11003.45 arb=$2.6884 DD=-1.06%
[2026-03-30 09:48:10] Cycle #302: trades=150 exits=0 equity=$11003.45 arb=$2.6884 DD=-1.06%
[2026-03-30 09:48:21] Cycle #303: trades=150 exits=0 equity=$11003.45 arb=$2.6884 DD=-1.06%
[2026-03-30 09:48:31] Cycle #304: trades=150 exits=0 equity=$11003.45 arb=$2.6884 DD=-1.06%
[2026-03-30 09:48:42] Cycle #305: trades=150 exits=0 equity=$11003.45 arb=$2.6884 DD=-1.06%
[2026-03-30 09:48:52] Cycle #306: trades=150 exits=0 equity=$11003.45 arb=$2.6884 DD=-1.06%
[2026-03-30 09:49:03] Cycle #307: trades=150 exits=0 equity=$11003.45 arb=$2.6884 DD=-1.06%
[2026-03-30 09:49:14] Cycle #308: trades=150 exits=0 equity=$11003.45 arb=$2.6884 DD=-1.06%
[2026-03-30 09:49:24] Cycle #309: trades=150 exits=0 equity=$11003.45 arb=$2.6884 DD=-1.06%
[2026-03-30 09:49:35] Cycle #310: trades=150 exits=0 equity=$11003.45 arb=$2.6884 DD=-1.06%
[2026-03-30 09:49:45] Cycle #311: trades=150 exits=0 equity=$11003.45 arb=$2.6884 DD=-1.06%
[2026-03-30 09:49:56] Cycle #312: trades=150 exits=0 equity=$11003.45 arb=$2.6884 DD=-1.06%
[2026-03-30 09:50:07] Cycle #313: trades=150 exits=0 equity=$11003.45 arb=$2.6884 DD=-1.06%
[2026-03-30 09:50:17] Cycle #314: trades=150 exits=0 equity=$11003.45 arb=$2.6884 DD=-1.06%
[2026-03-30 09:50:28] Cycle #315: trades=150 exits=0 equity=$11003.45 arb=$2.6884 DD=-1.06%
[2026-03-30 09:50:38] Cycle #316: trades=150 exits=0 equity=$11003.45 arb=$2.6884 DD=-1.06%
[2026-03-30 09:50:49] Cycle #317: trades=150 exits=0 equity=$11003.45 arb=$2.6884 DD=-1.06%
[2026-03-30 09:51:00] Cycle #318: trades=150 exits=0 equity=$11003.45 arb=$2.6884 DD=-1.06%
[2026-03-30 09:51:10] Cycle #319: trades=150 exits=0 equity=$11003.45 arb=$2.6884 DD=-1.06%
[2026-03-30 09:51:21] Cycle #320: trades=150 exits=0 equity=$11003.45 arb=$2.6884 DD=-1.06%
[2026-03-30 09:51:31] Cycle #321: trades=150 exits=0 equity=$11003.45 arb=$2.6884 DD=-1.06%
[2026-03-30 09:51:42] Cycle #322: trades=150 exits=0 equity=$11003.45 arb=$2.6884 DD=-1.06%
[2026-03-30 09:51:53] Cycle #323: trades=150 exits=0 equity=$11003.45 arb=$2.6884 DD=-1.06%
[2026-03-30 09:52:03] Cycle #324: trades=150 exits=0 equity=$11003.45 arb=$2.6884 DD=-1.06%
[2026-03-30 09:52:14] Cycle #325: trades=150 exits=0 equity=$11003.45 arb=$2.6884 DD=-1.06%
[2026-03-30 09:52:24] Cycle #326: trades=150 exits=0 equity=$11003.45 arb=$2.6884 DD=-1.06%
[2026-03-30 09:52:35] Cycle #327: trades=150 exits=0 equity=$11003.45 arb=$2.6884 DD=-1.06%
[2026-03-30 09:52:46] Cycle #328: trades=150 exits=0 equity=$11003.45 arb=$2.6884 DD=-1.06%
[2026-03-30 09:52:56] Cycle #329: trades=150 exits=0 equity=$11003.45 arb=$2.6884 DD=-1.06%
[2026-03-30 09:53:07] Cycle #330: trades=150 exits=0 equity=$11003.45 arb=$2.6884 DD=-1.06%
[2026-03-30 09:53:17] Cycle #331: trades=150 exits=0 equity=$11003.45 arb=$2.6884 DD=-1.06%
[2026-03-30 09:53:28] Cycle #332: trades=150 exits=0 equity=$11003.45 arb=$2.6884 DD=-1.06%
[2026-03-30 09:53:39] Cycle #333: trades=150 exits=0 equity=$11003.45 arb=$2.6884 DD=-1.06%
[2026-03-30 09:53:49] Cycle #334: trades=150 exits=0 equity=$11003.45 arb=$2.6884 DD=-1.06%
[2026-03-30 09:54:00] Cycle #335: trades=150 exits=0 equity=$11003.45 arb=$2.6884 DD=-1.06%
[2026-03-30 09:54:10] Cycle #336: trades=150 exits=0 equity=$11003.45 arb=$2.6884 DD=-1.06%
[2026-03-30 09:54:21] Cycle #337: trades=150 exits=0 equity=$11003.45 arb=$2.6884 DD=-1.06%
[2026-03-30 09:54:32] Cycle #338: trades=150 exits=0 equity=$11003.45 arb=$2.6884 DD=-1.06%
[2026-03-30 09:54:42] Cycle #339: trades=150 exits=0 equity=$11003.45 arb=$2.6884 DD=-1.06%
[2026-03-30 09:54:53] Cycle #340: trades=150 exits=0 equity=$11003.45 arb=$2.6884 DD=-1.06%
[2026-03-30 09:55:03] Cycle #341: trades=150 exits=0 equity=$11003.45 arb=$2.6884 DD=-1.06%
[2026-03-30 09:55:14] Cycle #342: trades=150 exits=0 equity=$11003.45 arb=$2.6884 DD=-1.06%
[2026-03-30 09:55:25] Cycle #343: trades=150 exits=0 equity=$11003.45 arb=$2.6884 DD=-1.06%
[2026-03-30 09:55:35] Cycle #344: trades=150 exits=0 equity=$11003.45 arb=$2.6884 DD=-1.06%
[2026-03-30 09:55:46] Cycle #345: trades=150 exits=0 equity=$11003.45 arb=$2.6884 DD=-1.06%
[2026-03-30 09:55:56] Cycle #346: trades=150 exits=0 equity=$11003.45 arb=$2.6884 DD=-1.06%
[2026-03-30 09:56:07] Cycle #347: trades=150 exits=0 equity=$11003.45 arb=$2.6884 DD=-1.06%
[2026-03-30 09:56:18] Cycle #348: trades=150 exits=0 equity=$11003.45 arb=$2.6884 DD=-1.06%

[2026-03-30 09:56:18] ── Auto-Tune ──
  No adjustments needed
[2026-03-30 09:56:28] Cycle #349: trades=150 exits=0 equity=$11003.45 arb=$2.6884 DD=-1.06%
[2026-03-30 09:56:39] Cycle #350: trades=150 exits=0 equity=$11003.45 arb=$2.6884 DD=-1.06%
[2026-03-30 09:56:50] Cycle #351: trades=150 exits=0 equity=$11003.45 arb=$2.6884 DD=-1.06%
[2026-03-30 09:57:00] Cycle #352: trades=150 exits=0 equity=$11003.45 arb=$2.6884 DD=-1.06%
[2026-03-30 09:57:11] Cycle #353: trades=150 exits=0 equity=$11003.45 arb=$2.6884 DD=-1.06%
[2026-03-30 09:57:21] Cycle #354: trades=150 exits=0 equity=$11003.45 arb=$2.6884 DD=-1.06%
[2026-03-30 09:57:32] Cycle #355: trades=150 exits=0 equity=$11003.45 arb=$2.6884 DD=-1.06%
[2026-03-30 09:57:43] Cycle #356: trades=150 exits=0 equity=$11003.45 arb=$2.6884 DD=-1.06%
[2026-03-30 09:57:53] Cycle #357: trades=150 exits=0 equity=$11003.45 arb=$2.6884 DD=-1.06%
[2026-03-30 09:58:04] Cycle #358: trades=150 exits=0 equity=$11003.45 arb=$2.6884 DD=-1.06%
[2026-03-30 09:58:14] Cycle #359: trades=150 exits=0 equity=$11003.45 arb=$2.6884 DD=-1.06%
[2026-03-30 09:58:25] Cycle #360: trades=150 exits=0 equity=$11003.45 arb=$2.6884 DD=-1.06%
[2026-03-30 09:58:36] Cycle #361: trades=150 exits=0 equity=$11003.45 arb=$2.6884 DD=-1.06%
[2026-03-30 09:58:46] Cycle #362: trades=150 exits=0 equity=$11003.45 arb=$2.6884 DD=-1.06%
[2026-03-30 09:58:57] Cycle #363: trades=150 exits=0 equity=$11003.45 arb=$2.6884 DD=-1.06%
[2026-03-30 09:59:07] Cycle #364: trades=150 exits=0 equity=$11003.45 arb=$2.6884 DD=-1.06%
[2026-03-30 09:59:18] Cycle #365: trades=150 exits=0 equity=$11003.45 arb=$2.6884 DD=-1.06%
[2026-03-30 09:59:29] Cycle #366: trades=150 exits=0 equity=$11003.45 arb=$2.6884 DD=-1.06%
[2026-03-30 09:59:39] Cycle #367: trades=150 exits=0 equity=$11003.45 arb=$2.6884 DD=-1.06%
[2026-03-30 09:59:50] Cycle #368: trades=150 exits=0 equity=$11003.45 arb=$2.6884 DD=-1.06%
[2026-03-30 10:00:00] Cycle #369: trades=150 exits=0 equity=$11003.45 arb=$2.6884 DD=-1.06%
[2026-03-30 10:00:11] Cycle #370: trades=150 exits=0 equity=$11003.45 arb=$2.6884 DD=-1.06%
[2026-03-30 10:00:22] Cycle #371: trades=150 exits=0 equity=$11003.45 arb=$2.6884 DD=-1.06%
[2026-03-30 10:00:32] Cycle #372: trades=150 exits=0 equity=$11003.45 arb=$2.6884 DD=-1.06%
[2026-03-30 10:00:43] Cycle #373: trades=150 exits=0 equity=$11003.45 arb=$2.6884 DD=-1.06%
[2026-03-30 10:00:53] Cycle #374: trades=150 exits=0 equity=$11003.45 arb=$2.6884 DD=-1.06%
[2026-03-30 10:01:04] Cycle #375: trades=150 exits=0 equity=$11003.45 arb=$2.6884 DD=-1.06%
[2026-03-30 10:01:15] Cycle #376: trades=150 exits=0 equity=$11003.45 arb=$2.6884 DD=-1.06%
[2026-03-30 10:01:25] Cycle #377: trades=150 exits=0 equity=$11003.45 arb=$2.6884 DD=-1.06%
[2026-03-30 10:01:36] Cycle #378: trades=150 exits=0 equity=$11003.45 arb=$2.6884 DD=-1.06%
[2026-03-30 10:01:47] Cycle #379: trades=150 exits=0 equity=$11003.45 arb=$2.6884 DD=-1.06%
[2026-03-30 10:01:57] Cycle #380: trades=150 exits=0 equity=$11003.45 arb=$2.6884 DD=-1.06%
[2026-03-30 10:02:08] Cycle #381: trades=150 exits=0 equity=$11003.45 arb=$2.6884 DD=-1.06%
[2026-03-30 10:02:18] Cycle #382: trades=150 exits=0 equity=$11003.45 arb=$2.6884 DD=-1.06%
[2026-03-30 10:02:29] Cycle #383: trades=150 exits=0 equity=$11003.45 arb=$2.6884 DD=-1.06%
[2026-03-30 10:02:40] Cycle #384: trades=150 exits=0 equity=$11003.45 arb=$2.6884 DD=-1.06%
[2026-03-30 10:02:50] Cycle #385: trades=150 exits=0 equity=$11003.45 arb=$2.6884 DD=-1.06%
[2026-03-30 10:03:01] Cycle #386: trades=150 exits=0 equity=$11003.45 arb=$2.6884 DD=-1.06%
[2026-03-30 10:03:12] Cycle #387: trades=150 exits=0 equity=$11003.45 arb=$2.6884 DD=-1.06%
[2026-03-30 10:03:22] Cycle #388: trades=150 exits=0 equity=$11003.45 arb=$2.6884 DD=-1.06%
[2026-03-30 10:03:33] Cycle #389: trades=150 exits=0 equity=$11003.45 arb=$2.6884 DD=-1.06%
[2026-03-30 10:03:43] Cycle #390: trades=150 exits=0 equity=$11003.45 arb=$2.6884 DD=-1.06%
[2026-03-30 10:03:54] Cycle #391: trades=150 exits=0 equity=$11003.45 arb=$2.6884 DD=-1.06%
[2026-03-30 10:04:05] Cycle #392: trades=150 exits=0 equity=$11003.45 arb=$2.6884 DD=-1.06%
[2026-03-30 10:04:15] Cycle #393: trades=150 exits=0 equity=$11003.45 arb=$2.6884 DD=-1.06%
[2026-03-30 10:04:26] Cycle #394: trades=150 exits=0 equity=$11003.45 arb=$2.6884 DD=-1.06%
[2026-03-30 10:04:36] Cycle #395: trades=150 exits=0 equity=$11003.45 arb=$2.6884 DD=-1.06%
[2026-03-30 10:04:47] Cycle #396: trades=150 exits=0 equity=$11003.45 arb=$2.6884 DD=-1.06%
[2026-03-30 10:04:58] Cycle #397: trades=150 exits=0 equity=$11003.45 arb=$2.6884 DD=-1.06%
[2026-03-30 10:05:08] Cycle #398: trades=150 exits=0 equity=$11003.45 arb=$2.6884 DD=-1.06%
[2026-03-30 10:05:19] Cycle #399: trades=150 exits=0 equity=$11003.45 arb=$2.6884 DD=-1.06%
[2026-03-30 10:05:29] Cycle #400: trades=150 exits=0 equity=$11003.45 arb=$2.6884 DD=-1.06%
[2026-03-30 10:05:40] Cycle #401: trades=150 exits=0 equity=$11003.45 arb=$2.6884 DD=-1.06%
[2026-03-30 10:05:51] Cycle #402: trades=150 exits=0 equity=$11003.45 arb=$2.6884 DD=-1.06%
[2026-03-30 10:06:01] Cycle #403: trades=150 exits=0 equity=$11003.45 arb=$2.6884 DD=-1.06%
[2026-03-30 10:06:12] Cycle #404: trades=150 exits=0 equity=$11003.45 arb=$2.6884 DD=-1.06%
[2026-03-30 10:06:22] Cycle #405: trades=150 exits=0 equity=$11003.45 arb=$2.6884 DD=-1.06%
[2026-03-30 10:06:34] Cycle #406: trades=150 exits=0 equity=$11003.45 arb=$2.6884 DD=-1.06%
[2026-03-30 10:06:44] Cycle #407: trades=150 exits=0 equity=$11003.45 arb=$2.6884 DD=-1.06%
[2026-03-30 10:06:55] Cycle #408: trades=150 exits=0 equity=$11003.45 arb=$2.6884 DD=-1.06%
[2026-03-30 10:07:05] Cycle #409: trades=150 exits=0 equity=$11003.45 arb=$2.6884 DD=-1.06%
[2026-03-30 10:07:16] Cycle #410: trades=150 exits=0 equity=$11003.45 arb=$2.6884 DD=-1.06%
[2026-03-30 10:07:27] Cycle #411: trades=150 exits=0 equity=$11003.45 arb=$2.6884 DD=-1.06%
[2026-03-30 10:07:37] Cycle #412: trades=150 exits=0 equity=$11003.45 arb=$2.6884 DD=-1.06%
[2026-03-30 10:07:48] Cycle #413: trades=150 exits=0 equity=$11003.45 arb=$2.6884 DD=-1.06%
[2026-03-30 10:07:59] Cycle #414: trades=150 exits=0 equity=$11003.45 arb=$2.6884 DD=-1.06%
[2026-03-30 10:08:09] Cycle #415: trades=150 exits=0 equity=$11003.45 arb=$2.6884 DD=-1.06%
[2026-03-30 10:08:20] Cycle #416: trades=150 exits=0 equity=$11003.45 arb=$2.6884 DD=-1.06%
[2026-03-30 10:08:30] Cycle #417: trades=150 exits=0 equity=$11003.45 arb=$2.6884 DD=-1.06%
[2026-03-30 10:08:41] Cycle #418: trades=150 exits=0 equity=$11003.45 arb=$2.6884 DD=-1.06%
[2026-03-30 10:08:52] Cycle #419: trades=150 exits=0 equity=$11003.45 arb=$2.6884 DD=-1.06%
[2026-03-30 10:09:02] Cycle #420: trades=150 exits=0 equity=$11003.45 arb=$2.6884 DD=-1.06%
[2026-03-30 10:09:13] Cycle #421: trades=150 exits=0 equity=$11003.45 arb=$2.6884 DD=-1.06%
[2026-03-30 10:09:24] Cycle #422: trades=150 exits=0 equity=$11003.45 arb=$2.6884 DD=-1.06%
[2026-03-30 10:09:34] Cycle #423: trades=150 exits=0 equity=$11003.45 arb=$2.6884 DD=-1.06%
[2026-03-30 10:09:45] Cycle #424: trades=150 exits=0 equity=$11003.45 arb=$2.6884 DD=-1.06%
[2026-03-30 10:09:55] Cycle #425: trades=150 exits=0 equity=$11003.45 arb=$2.6884 DD=-1.06%
[2026-03-30 10:10:06] Cycle #426: trades=150 exits=0 equity=$11003.45 arb=$2.6884 DD=-1.06%
[2026-03-30 10:10:17] Cycle #427: trades=150 exits=0 equity=$11003.45 arb=$2.6884 DD=-1.06%
[2026-03-30 10:10:27] Cycle #428: trades=150 exits=0 equity=$11003.45 arb=$2.6884 DD=-1.06%
[2026-03-30 10:10:38] Cycle #429: trades=150 exits=0 equity=$11003.45 arb=$2.6884 DD=-1.06%
[2026-03-30 10:10:48] Cycle #430: trades=150 exits=0 equity=$11003.45 arb=$2.6884 DD=-1.06%
[2026-03-30 10:10:59] Cycle #431: trades=150 exits=0 equity=$11003.45 arb=$2.6884 DD=-1.06%
[2026-03-30 10:11:10] Cycle #432: trades=150 exits=0 equity=$11003.45 arb=$2.6884 DD=-1.06%
[2026-03-30 10:11:20] Cycle #433: trades=150 exits=0 equity=$11003.45 arb=$2.6884 DD=-1.06%
[2026-03-30 10:11:31] Cycle #434: trades=150 exits=0 equity=$11003.45 arb=$2.6884 DD=-1.06%
[2026-03-30 10:11:41] Cycle #435: trades=150 exits=0 equity=$11003.45 arb=$2.6884 DD=-1.06%
[2026-03-30 10:11:52] Cycle #436: trades=150 exits=0 equity=$11003.45 arb=$2.6884 DD=-1.06%
[2026-03-30 10:12:03] Cycle #437: trades=150 exits=0 equity=$11003.45 arb=$2.6884 DD=-1.06%
[2026-03-30 10:12:13] Cycle #438: trades=150 exits=0 equity=$11003.45 arb=$2.6884 DD=-1.06%
[2026-03-30 10:12:24] Cycle #439: trades=150 exits=0 equity=$11003.45 arb=$2.6884 DD=-1.06%
[2026-03-30 10:12:35] Cycle #440: trades=150 exits=0 equity=$11003.45 arb=$2.6884 DD=-1.06%
[2026-03-30 10:12:45] Cycle #441: trades=150 exits=0 equity=$11003.45 arb=$2.6884 DD=-1.06%
[2026-03-30 10:12:56] Cycle #442: trades=150 exits=0 equity=$11003.45 arb=$2.6884 DD=-1.06%
[2026-03-30 10:13:06] Cycle #443: trades=150 exits=0 equity=$11003.45 arb=$2.6884 DD=-1.06%
[2026-03-30 10:13:17] Cycle #444: trades=150 exits=0 equity=$11003.45 arb=$2.6884 DD=-1.06%
[2026-03-30 10:13:28] Cycle #445: trades=150 exits=0 equity=$11003.45 arb=$2.6884 DD=-1.06%
[2026-03-30 10:13:38] Cycle #446: trades=150 exits=0 equity=$11003.45 arb=$2.6884 DD=-1.06%
[2026-03-30 10:13:49] Cycle #447: trades=150 exits=0 equity=$11003.45 arb=$2.6884 DD=-1.06%
[2026-03-30 10:13:59] Cycle #448: trades=150 exits=0 equity=$11003.45 arb=$2.6884 DD=-1.06%
[2026-03-30 10:14:10] Cycle #449: trades=150 exits=0 equity=$11003.45 arb=$2.6884 DD=-1.06%
[2026-03-30 10:14:21] Cycle #450: trades=150 exits=0 equity=$11003.45 arb=$2.6884 DD=-1.06%
[2026-03-30 10:14:31] Cycle #451: trades=150 exits=0 equity=$11003.45 arb=$2.6884 DD=-1.06%
[2026-03-30 10:14:42] Cycle #452: trades=150 exits=0 equity=$11003.45 arb=$2.6884 DD=-1.06%
[2026-03-30 10:14:52] Cycle #453: trades=150 exits=0 equity=$11003.45 arb=$2.6884 DD=-1.06%
[2026-03-30 10:15:03] Cycle #454: trades=150 exits=0 equity=$11003.45 arb=$2.6884 DD=-1.06%
[2026-03-30 10:15:14] Cycle #455: trades=150 exits=0 equity=$11003.45 arb=$2.6884 DD=-1.06%
[2026-03-30 10:15:24] Cycle #456: trades=150 exits=0 equity=$11003.45 arb=$2.6884 DD=-1.06%
[2026-03-30 10:15:35] Cycle #457: trades=150 exits=0 equity=$11003.45 arb=$2.6884 DD=-1.06%
[2026-03-30 10:15:46] Cycle #458: trades=150 exits=0 equity=$11003.45 arb=$2.6884 DD=-1.06%
[2026-03-30 10:15:56] Cycle #459: trades=150 exits=0 equity=$11003.45 arb=$2.6884 DD=-1.06%
[2026-03-30 10:16:07] Cycle #460: trades=150 exits=0 equity=$11003.45 arb=$2.6884 DD=-1.06%
[2026-03-30 10:16:17] Cycle #461: trades=150 exits=0 equity=$11003.45 arb=$2.6884 DD=-1.06%
[2026-03-30 10:16:28] Cycle #462: trades=150 exits=0 equity=$11003.45 arb=$2.6884 DD=-1.06%
[2026-03-30 10:16:39] Cycle #463: trades=150 exits=0 equity=$11003.45 arb=$2.6884 DD=-1.06%
[2026-03-30 10:16:49] Cycle #464: trades=150 exits=0 equity=$11003.45 arb=$2.6884 DD=-1.06%
[2026-03-30 10:17:00] Cycle #465: trades=150 exits=0 equity=$11003.45 arb=$2.6884 DD=-1.06%
[2026-03-30 10:17:10] Cycle #466: trades=150 exits=0 equity=$11003.45 arb=$2.6884 DD=-1.06%
[2026-03-30 10:17:21] Cycle #467: trades=150 exits=0 equity=$11003.45 arb=$2.6884 DD=-1.06%
[2026-03-30 10:17:32] Cycle #468: trades=150 exits=0 equity=$11003.45 arb=$2.6884 DD=-1.06%
[2026-03-30 10:17:42] Cycle #469: trades=150 exits=0 equity=$11003.45 arb=$2.6884 DD=-1.06%
[2026-03-30 10:17:53] Cycle #470: trades=150 exits=0 equity=$11003.45 arb=$2.6884 DD=-1.06%
[2026-03-30 10:18:04] Cycle #471: trades=150 exits=0 equity=$11003.45 arb=$2.6884 DD=-1.06%
[2026-03-30 10:18:14] Cycle #472: trades=150 exits=0 equity=$11003.45 arb=$2.6884 DD=-1.06%
[2026-03-30 10:18:25] Cycle #473: trades=150 exits=0 equity=$11003.45 arb=$2.6884 DD=-1.06%
[2026-03-30 10:18:35] Cycle #474: trades=150 exits=0 equity=$11003.45 arb=$2.6884 DD=-1.06%
[2026-03-30 10:18:46] Cycle #475: trades=150 exits=0 equity=$11003.45 arb=$2.6884 DD=-1.06%
[2026-03-30 10:18:57] Cycle #476: trades=150 exits=0 equity=$11003.45 arb=$2.6884 DD=-1.06%
[2026-03-30 10:19:07] Cycle #477: trades=150 exits=0 equity=$11003.45 arb=$2.6884 DD=-1.06%
[2026-03-30 10:19:18] Cycle #478: trades=150 exits=0 equity=$11003.45 arb=$2.6884 DD=-1.06%
[2026-03-30 10:19:28] Cycle #479: trades=150 exits=0 equity=$11003.45 arb=$2.6884 DD=-1.06%
[2026-03-30 10:19:39] Cycle #480: trades=150 exits=0 equity=$11003.45 arb=$2.6884 DD=-1.06%
[2026-03-30 10:19:50] Cycle #481: trades=150 exits=0 equity=$11003.45 arb=$2.6884 DD=-1.06%
[2026-03-30 10:20:00] Cycle #482: trades=150 exits=0 equity=$11003.45 arb=$2.6884 DD=-1.06%
[2026-03-30 10:20:11] Cycle #483: trades=150 exits=0 equity=$11003.45 arb=$2.6884 DD=-1.06%
[2026-03-30 10:20:21] Cycle #484: trades=150 exits=0 equity=$11003.45 arb=$2.6884 DD=-1.06%
[2026-03-30 10:20:32] Cycle #485: trades=150 exits=0 equity=$11003.45 arb=$2.6884 DD=-1.06%
[2026-03-30 10:20:43] Cycle #486: trades=150 exits=0 equity=$11003.45 arb=$2.6884 DD=-1.06%
[2026-03-30 10:20:53] Cycle #487: trades=150 exits=0 equity=$11003.45 arb=$2.6884 DD=-1.06%
[2026-03-30 10:21:04] Cycle #488: trades=150 exits=0 equity=$11003.45 arb=$2.6884 DD=-1.06%
[2026-03-30 10:21:14] Cycle #489: trades=150 exits=0 equity=$11003.45 arb=$2.6884 DD=-1.06%
[2026-03-30 10:21:25] Cycle #490: trades=150 exits=0 equity=$11003.45 arb=$2.6884 DD=-1.06%
[2026-03-30 10:21:36] Cycle #491: trades=150 exits=0 equity=$11003.45 arb=$2.6884 DD=-1.06%
[2026-03-30 10:21:46] Cycle #492: trades=150 exits=0 equity=$11003.45 arb=$2.6884 DD=-1.06%
[2026-03-30 10:21:57] Cycle #493: trades=150 exits=0 equity=$11003.45 arb=$2.6884 DD=-1.06%
[2026-03-30 10:22:07] Cycle #494: trades=150 exits=0 equity=$11003.45 arb=$2.6884 DD=-1.06%
[2026-03-30 10:22:18] Cycle #495: trades=150 exits=0 equity=$11003.45 arb=$2.6884 DD=-1.06%
[2026-03-30 10:22:29] Cycle #496: trades=150 exits=0 equity=$11003.45 arb=$2.6884 DD=-1.06%
[2026-03-30 10:22:39] Cycle #497: trades=150 exits=0 equity=$11003.45 arb=$2.6884 DD=-1.06%
[2026-03-30 10:22:50] Cycle #498: trades=150 exits=0 equity=$11003.45 arb=$2.6884 DD=-1.06%
[2026-03-30 10:23:00] Cycle #499: trades=150 exits=0 equity=$11003.45 arb=$2.6884 DD=-1.06%
[2026-03-30 10:23:11] Cycle #500: trades=150 exits=0 equity=$11003.45 arb=$2.6884 DD=-1.06%
[2026-03-30 10:23:22] Cycle #501: trades=150 exits=0 equity=$11003.45 arb=$2.6884 DD=-1.06%
[2026-03-30 10:23:32] Cycle #502: trades=150 exits=0 equity=$11003.45 arb=$2.6884 DD=-1.06%
[2026-03-30 10:23:43] Cycle #503: trades=150 exits=0 equity=$11003.45 arb=$2.6884 DD=-1.06%
[2026-03-30 10:23:53] Cycle #504: trades=150 exits=0 equity=$11003.45 arb=$2.6884 DD=-1.06%
[2026-03-30 10:24:04] Cycle #505: trades=150 exits=0 equity=$11003.45 arb=$2.6884 DD=-1.06%
[2026-03-30 10:24:15] Cycle #506: trades=150 exits=0 equity=$11003.45 arb=$2.6884 DD=-1.06%
[2026-03-30 10:24:25] Cycle #507: trades=150 exits=0 equity=$11003.45 arb=$2.6884 DD=-1.06%
[2026-03-30 10:24:36] Cycle #508: trades=150 exits=0 equity=$11003.45 arb=$2.6884 DD=-1.06%
[2026-03-30 10:24:46] Cycle #509: trades=150 exits=0 equity=$11003.45 arb=$2.6884 DD=-1.06%
[2026-03-30 10:24:57] Cycle #510: trades=150 exits=0 equity=$11003.45 arb=$2.6884 DD=-1.06%
[2026-03-30 10:25:08] Cycle #511: trades=150 exits=0 equity=$11003.45 arb=$2.6884 DD=-1.06%
[2026-03-30 10:25:18] Cycle #512: trades=150 exits=0 equity=$11003.45 arb=$2.6884 DD=-1.06%
[2026-03-30 10:25:29] Cycle #513: trades=150 exits=0 equity=$11003.45 arb=$2.6884 DD=-1.06%
[2026-03-30 10:25:39] Cycle #514: trades=150 exits=0 equity=$11003.45 arb=$2.6884 DD=-1.06%
[2026-03-30 10:25:50] Cycle #515: trades=150 exits=0 equity=$11003.45 arb=$2.6884 DD=-1.06%
[2026-03-30 10:26:01] Cycle #516: trades=150 exits=0 equity=$11003.45 arb=$2.6884 DD=-1.06%
[2026-03-30 10:26:11] Cycle #517: trades=150 exits=0 equity=$11003.45 arb=$2.6884 DD=-1.06%
[2026-03-30 10:26:22] Cycle #518: trades=150 exits=0 equity=$11003.45 arb=$2.6884 DD=-1.06%
[2026-03-30 10:26:32] Cycle #519: trades=150 exits=0 equity=$11003.45 arb=$2.6884 DD=-1.06%
[2026-03-30 10:26:43] Cycle #520: trades=150 exits=0 equity=$11003.45 arb=$2.6884 DD=-1.06%
[2026-03-30 10:26:54] Cycle #521: trades=150 exits=0 equity=$11003.45 arb=$2.6884 DD=-1.06%
[2026-03-30 10:27:04] Cycle #522: trades=150 exits=0 equity=$11003.45 arb=$2.6884 DD=-1.06%
[2026-03-30 10:27:15] Cycle #523: trades=150 exits=0 equity=$11003.45 arb=$2.6884 DD=-1.06%
[2026-03-30 10:27:25] Cycle #524: trades=150 exits=0 equity=$11003.45 arb=$2.6884 DD=-1.06%
[2026-03-30 10:27:36] Cycle #525: trades=150 exits=0 equity=$11003.45 arb=$2.6884 DD=-1.06%
[2026-03-30 10:27:47] Cycle #526: trades=150 exits=0 equity=$11003.45 arb=$2.6884 DD=-1.06%
[2026-03-30 10:27:57] Cycle #527: trades=150 exits=0 equity=$11003.45 arb=$2.6884 DD=-1.06%
[2026-03-30 10:28:08] Cycle #528: trades=150 exits=0 equity=$11003.45 arb=$2.6884 DD=-1.06%
[2026-03-30 10:28:18] Cycle #529: trades=150 exits=0 equity=$11003.45 arb=$2.6884 DD=-1.06%
[2026-03-30 10:28:29] Cycle #530: trades=150 exits=0 equity=$11003.45 arb=$2.6884 DD=-1.06%
[2026-03-30 10:28:40] Cycle #531: trades=150 exits=0 equity=$11003.45 arb=$2.6884 DD=-1.06%
[2026-03-30 10:28:50] Cycle #532: trades=150 exits=0 equity=$11003.45 arb=$2.6884 DD=-1.06%
[2026-03-30 10:29:01] Cycle #533: trades=150 exits=0 equity=$11003.45 arb=$2.6884 DD=-1.06%
[2026-03-30 10:29:11] Cycle #534: trades=150 exits=0 equity=$11003.45 arb=$2.6884 DD=-1.06%
[2026-03-30 10:29:22] Cycle #535: trades=150 exits=0 equity=$11003.45 arb=$2.6884 DD=-1.06%
[2026-03-30 10:29:33] Cycle #536: trades=150 exits=0 equity=$11003.45 arb=$2.6884 DD=-1.06%
[2026-03-30 10:29:43] Cycle #537: trades=150 exits=0 equity=$11003.45 arb=$2.6884 DD=-1.06%
[2026-03-30 10:29:54] Cycle #538: trades=150 exits=0 equity=$11003.45 arb=$2.6884 DD=-1.06%
[2026-03-30 10:30:04] Cycle #539: trades=150 exits=0 equity=$11003.45 arb=$2.6884 DD=-1.06%
[2026-03-30 10:30:15] Cycle #540: trades=150 exits=0 equity=$11003.45 arb=$2.6884 DD=-1.06%
[2026-03-30 10:30:26] Cycle #541: trades=150 exits=0 equity=$11003.45 arb=$2.6884 DD=-1.06%
[2026-03-30 10:30:36] Cycle #542: trades=150 exits=0 equity=$11003.45 arb=$2.6884 DD=-1.06%
[2026-03-30 10:30:47] Cycle #543: trades=150 exits=0 equity=$11003.45 arb=$2.6884 DD=-1.06%
[2026-03-30 10:30:57] Cycle #544: trades=150 exits=0 equity=$11003.45 arb=$2.6884 DD=-1.06%
[2026-03-30 10:31:08] Cycle #545: trades=150 exits=0 equity=$11003.45 arb=$2.6884 DD=-1.06%
[2026-03-30 10:31:19] Cycle #546: trades=150 exits=0 equity=$11003.45 arb=$2.6884 DD=-1.06%
[2026-03-30 10:31:29] Cycle #547: trades=150 exits=0 equity=$11003.45 arb=$2.6884 DD=-1.06%
[2026-03-30 10:31:40] Cycle #548: trades=150 exits=0 equity=$11003.45 arb=$2.6884 DD=-1.06%
[2026-03-30 10:31:50] Cycle #549: trades=150 exits=0 equity=$11003.45 arb=$2.6884 DD=-1.06%
[2026-03-30 10:32:01] Cycle #550: trades=150 exits=0 equity=$11003.45 arb=$2.6884 DD=-1.06%
[2026-03-30 10:32:12] Cycle #551: trades=150 exits=0 equity=$11003.45 arb=$2.6884 DD=-1.06%
[2026-03-30 10:32:22] Cycle #552: trades=150 exits=0 equity=$11003.45 arb=$2.6884 DD=-1.06%
[2026-03-30 10:32:33] Cycle #553: trades=150 exits=0 equity=$11003.45 arb=$2.6884 DD=-1.06%
[2026-03-30 10:32:43] Cycle #554: trades=150 exits=0 equity=$11003.45 arb=$2.6884 DD=-1.06%
[2026-03-30 10:32:54] Cycle #555: trades=150 exits=0 equity=$11003.45 arb=$2.6884 DD=-1.06%
[2026-03-30 10:33:05] Cycle #556: trades=150 exits=0 equity=$11003.45 arb=$2.6884 DD=-1.06%
[2026-03-30 10:33:15] Cycle #557: trades=150 exits=0 equity=$11003.45 arb=$2.6884 DD=-1.06%
[2026-03-30 10:33:26] Cycle #558: trades=150 exits=0 equity=$11003.45 arb=$2.6884 DD=-1.06%
[2026-03-30 10:33:36] Cycle #559: trades=150 exits=0 equity=$11003.45 arb=$2.6884 DD=-1.06%
[2026-03-30 10:33:47] Cycle #560: trades=150 exits=0 equity=$11003.45 arb=$2.6884 DD=-1.06%
[2026-03-30 10:33:58] Cycle #561: trades=150 exits=0 equity=$11003.45 arb=$2.6884 DD=-1.06%
[2026-03-30 10:34:08] Cycle #562: trades=150 exits=0 equity=$11003.45 arb=$2.6884 DD=-1.06%
[2026-03-30 10:34:19] Cycle #563: trades=150 exits=0 equity=$11003.45 arb=$2.6884 DD=-1.06%
[2026-03-30 10:34:29] Cycle #564: trades=150 exits=0 equity=$11003.45 arb=$2.6884 DD=-1.06%
[2026-03-30 10:34:40] Cycle #565: trades=150 exits=0 equity=$11003.45 arb=$2.6884 DD=-1.06%
[2026-03-30 10:34:51] Cycle #566: trades=150 exits=0 equity=$11003.45 arb=$2.6884 DD=-1.06%
[2026-03-30 10:35:01] Cycle #567: trades=150 exits=0 equity=$11003.45 arb=$2.6884 DD=-1.06%
[2026-03-30 10:35:12] Cycle #568: trades=150 exits=0 equity=$11003.45 arb=$2.6884 DD=-1.06%
[2026-03-30 10:35:22] Cycle #569: trades=150 exits=0 equity=$11003.45 arb=$2.6884 DD=-1.06%
[2026-03-30 10:35:33] Cycle #570: trades=150 exits=0 equity=$11003.45 arb=$2.6884 DD=-1.06%
[2026-03-30 10:35:44] Cycle #571: trades=150 exits=0 equity=$11003.45 arb=$2.6884 DD=-1.06%
[2026-03-30 10:35:54] Cycle #572: trades=150 exits=0 equity=$11003.45 arb=$2.6884 DD=-1.06%
[2026-03-30 10:36:05] Cycle #573: trades=150 exits=0 equity=$11003.45 arb=$2.6884 DD=-1.06%
[2026-03-30 10:36:16] Cycle #574: trades=150 exits=0 equity=$11003.45 arb=$2.6884 DD=-1.06%
[2026-03-30 10:36:26] Cycle #575: trades=150 exits=0 equity=$11003.45 arb=$2.6884 DD=-1.06%
[2026-03-30 10:36:37] Cycle #576: trades=150 exits=0 equity=$11003.45 arb=$2.6884 DD=-1.06%
[2026-03-30 10:36:47] Cycle #577: trades=150 exits=0 equity=$11003.45 arb=$2.6884 DD=-1.06%
[2026-03-30 10:36:58] Cycle #578: trades=150 exits=0 equity=$11003.45 arb=$2.6884 DD=-1.06%
[2026-03-30 10:37:09] Cycle #579: trades=150 exits=0 equity=$11003.45 arb=$2.6884 DD=-1.06%
[2026-03-30 10:37:19] Cycle #580: trades=150 exits=0 equity=$11003.45 arb=$2.6884 DD=-1.06%
[2026-03-30 10:37:30] Cycle #581: trades=150 exits=0 equity=$11003.45 arb=$2.6884 DD=-1.06%
[2026-03-30 10:37:40] Cycle #582: trades=150 exits=0 equity=$11003.45 arb=$2.6884 DD=-1.06%
[2026-03-30 10:37:51] Cycle #583: trades=150 exits=0 equity=$11003.45 arb=$2.6884 DD=-1.06%
[2026-03-30 10:38:02] Cycle #584: trades=150 exits=0 equity=$11003.45 arb=$2.6884 DD=-1.06%
[2026-03-30 10:38:12] Cycle #585: trades=150 exits=0 equity=$11003.45 arb=$2.6884 DD=-1.06%
[2026-03-30 10:38:23] Cycle #586: trades=150 exits=0 equity=$11003.45 arb=$2.6884 DD=-1.06%
[2026-03-30 10:38:34] Cycle #587: trades=150 exits=0 equity=$11003.45 arb=$2.6884 DD=-1.06%
[2026-03-30 10:38:44] Cycle #588: trades=150 exits=0 equity=$11003.45 arb=$2.6884 DD=-1.06%
[2026-03-30 10:38:57] Cycle #589: trades=150 exits=0 equity=$11003.45 arb=$2.6884 DD=-1.06%
[2026-03-30 10:39:08] Cycle #590: trades=150 exits=0 equity=$11003.45 arb=$2.6884 DD=-1.06%
[2026-03-30 10:39:18] Cycle #591: trades=150 exits=0 equity=$11003.45 arb=$2.6884 DD=-1.06%
[2026-03-30 10:39:28] Cycle #601: trades=150 exits=0 equity=$11003.45 arb=$2.6884 DD=-1.06%
[2026-03-30 10:39:39] Cycle #611: trades=150 exits=0 equity=$11003.45 arb=$2.6884 DD=-1.06%
[2026-03-30 10:39:50] Cycle #621: trades=150 exits=0 equity=$11003.45 arb=$2.6884 DD=-1.06%
[2026-03-30 10:40:01] Cycle #631: trades=150 exits=0 equity=$11003.45 arb=$2.6884 DD=-1.06%
[2026-03-30 10:40:14] Cycle #634: trades=150 exits=0 equity=$11003.45 arb=$2.6884 DD=-1.06%
[2026-03-30 10:40:24] Cycle #644: trades=150 exits=0 equity=$11003.45 arb=$2.6884 DD=-1.06%
[2026-03-30 10:40:37] Cycle #647: trades=150 exits=0 equity=$11003.45 arb=$2.6884 DD=-1.06%
[2026-03-30 10:40:48] Cycle #648: trades=150 exits=0 equity=$11003.45 arb=$2.6884 DD=-1.06%
[2026-03-30 10:40:59] Cycle #649: trades=150 exits=0 equity=$11003.45 arb=$2.6884 DD=-1.06%
[2026-03-30 10:41:09] Cycle #650: trades=150 exits=0 equity=$11003.45 arb=$2.6884 DD=-1.06%
[2026-03-30 10:41:20] Cycle #651: trades=150 exits=0 equity=$11003.45 arb=$2.6884 DD=-1.06%
[2026-03-30 10:41:30] Cycle #652: trades=150 exits=0 equity=$11003.45 arb=$2.6884 DD=-1.06%
[2026-03-30 10:41:41] Cycle #653: trades=150 exits=0 equity=$11003.45 arb=$2.6884 DD=-1.06%
[2026-03-30 10:41:52] Cycle #654: trades=150 exits=0 equity=$11003.45 arb=$2.6884 DD=-1.06%
[2026-03-30 10:42:02] Cycle #655: trades=150 exits=0 equity=$11003.45 arb=$2.6884 DD=-1.06%
[2026-03-30 10:42:13] Cycle #656: trades=150 exits=0 equity=$11003.45 arb=$2.6884 DD=-1.06%
[2026-03-30 10:42:23] Cycle #657: trades=150 exits=0 equity=$11003.45 arb=$2.6884 DD=-1.06%
[2026-03-30 10:42:34] Cycle #658: trades=150 exits=0 equity=$11003.45 arb=$2.6884 DD=-1.06%
[2026-03-30 10:42:45] Cycle #659: trades=150 exits=0 equity=$11003.45 arb=$2.6884 DD=-1.06%
[2026-03-30 10:42:55] Cycle #660: trades=150 exits=0 equity=$11003.45 arb=$2.6884 DD=-1.06%
[2026-03-30 10:43:06] Cycle #661: trades=150 exits=0 equity=$11003.45 arb=$2.6884 DD=-1.06%
[2026-03-30 10:43:17] Cycle #662: trades=150 exits=0 equity=$11003.45 arb=$2.6884 DD=-1.06%
[2026-03-30 10:43:27] Cycle #663: trades=150 exits=0 equity=$11003.45 arb=$2.6884 DD=-1.06%
[2026-03-30 10:43:38] Cycle #664: trades=150 exits=0 equity=$11003.45 arb=$2.6884 DD=-1.06%
[2026-03-30 10:43:48] Cycle #665: trades=150 exits=0 equity=$11003.45 arb=$2.6884 DD=-1.06%
[2026-03-30 10:43:59] Cycle #666: trades=150 exits=0 equity=$11003.45 arb=$2.6884 DD=-1.06%
[2026-03-30 10:44:10] Cycle #667: trades=150 exits=0 equity=$11003.45 arb=$2.6884 DD=-1.06%
[2026-03-30 10:44:20] Cycle #668: trades=150 exits=0 equity=$11003.45 arb=$2.6884 DD=-1.06%
